<?xml version="1.0" encoding="UTF-8"?>
<!-- Generated by org.testng.reporters.JUnitXMLReporter -->
<testsuite hostname="MacBook-Pro" ignored="21" name="Smoke Test" tests="2" failures="1" timestamp="2021-10-29T17:07:59 EDT" time="6.19" errors="0">
  <testcase name="validLogin" time="0.226" classname="com.syntax.class02.issueWithoutAsertion">
    <failure type="org.openqa.selenium.NoSuchElementException" message="no such element: Unable to locate element: {&amp;quot;method&amp;quot;:&amp;quot;css selector&amp;quot;,&amp;quot;selector&amp;quot;:&amp;quot;#txtPasswords&amp;quot;}
  (Session info: chrome=95.0.4638.69)
For documentation on this error, please visit: https://www.seleniumhq.org/exceptions/no_such_element.html
Build info: version: &amp;apos;3.141.59&amp;apos;, revision: &amp;apos;e82be7d358&amp;apos;, time: &amp;apos;2018-11-14T08:25:48&amp;apos;
System info: host: &amp;apos;MacBook-Pro&amp;apos;, ip: &amp;apos;fe80:0:0:0:5a:4376:2291:a3c2%en0&amp;apos;, os.name: &amp;apos;Mac OS X&amp;apos;, os.arch: &amp;apos;x86_64&amp;apos;, os.version: &amp;apos;10.15.7&amp;apos;, java.version: &amp;apos;1.8.0_251&amp;apos;
Driver info: org.openqa.selenium.chrome.ChromeDriver
Capabilities {acceptInsecureCerts: false, browserName: chrome, browserVersion: 95.0.4638.69, chrome: {chromedriverVersion: 95.0.4638.54 (d31a821ec901f..., userDataDir: /var/folders/l4/w5djhc0j7z1...}, goog:chromeOptions: {debuggerAddress: localhost:52784}, javascriptEnabled: true, networkConnectionEnabled: false, pageLoadStrategy: normal, platform: MAC, platformName: MAC, proxy: Proxy(), setWindowRect: true, strictFileInteractability: false, timeouts: {implicit: 0, pageLoad: 300000, script: 30000}, unhandledPromptBehavior: dismiss and notify, webauthn:extension:credBlob: true, webauthn:extension:largeBlob: true, webauthn:virtualAuthenticators: true}
Session ID: ad7a35b4a619b2006eff95fed1c93d66
*** Element info: {Using=id, value=txtPasswords}">
      <![CDATA[org.openqa.selenium.NoSuchElementException: no such element: Unable to locate element: {"method":"css selector","selector":"#txtPasswords"}
  (Session info: chrome=95.0.4638.69)
For documentation on this error, please visit: https://www.seleniumhq.org/exceptions/no_such_element.html
Build info: version: '3.141.59', revision: 'e82be7d358', time: '2018-11-14T08:25:48'
System info: host: 'MacBook-Pro', ip: 'fe80:0:0:0:5a:4376:2291:a3c2%en0', os.name: 'Mac OS X', os.arch: 'x86_64', os.version: '10.15.7', java.version: '1.8.0_251'
Driver info: org.openqa.selenium.chrome.ChromeDriver
Capabilities {acceptInsecureCerts: false, browserName: chrome, browserVersion: 95.0.4638.69, chrome: {chromedriverVersion: 95.0.4638.54 (d31a821ec901f..., userDataDir: /var/folders/l4/w5djhc0j7z1...}, goog:chromeOptions: {debuggerAddress: localhost:52784}, javascriptEnabled: true, networkConnectionEnabled: false, pageLoadStrategy: normal, platform: MAC, platformName: MAC, proxy: Proxy(), setWindowRect: true, strictFileInteractability: false, timeouts: {implicit: 0, pageLoad: 300000, script: 30000}, unhandledPromptBehavior: dismiss and notify, webauthn:extension:credBlob: true, webauthn:extension:largeBlob: true, webauthn:virtualAuthenticators: true}
Session ID: ad7a35b4a619b2006eff95fed1c93d66
*** Element info: {Using=id, value=txtPasswords}
at org.openqa.selenium.remote.http.W3CHttpResponseCodec.createException(W3CHttpResponseCodec.java:187)
at org.openqa.selenium.remote.http.W3CHttpResponseCodec.decode(W3CHttpResponseCodec.java:122)
at org.openqa.selenium.remote.http.W3CHttpResponseCodec.decode(W3CHttpResponseCodec.java:49)
at org.openqa.selenium.remote.HttpCommandExecutor.execute(HttpCommandExecutor.java:158)
at org.openqa.selenium.remote.service.DriverCommandExecutor.execute(DriverCommandExecutor.java:83)
at org.openqa.selenium.remote.RemoteWebDriver.execute(RemoteWebDriver.java:552)
at org.openqa.selenium.remote.RemoteWebDriver.findElement(RemoteWebDriver.java:323)
at org.openqa.selenium.remote.RemoteWebDriver.findElementById(RemoteWebDriver.java:372)
at org.openqa.selenium.By$ById.findElement(By.java:188)
at org.openqa.selenium.remote.RemoteWebDriver.findElement(RemoteWebDriver.java:315)
at com.syntax.class02.issueWithoutAsertion.validLogin(issueWithoutAsertion.java:31)
at java.util.ArrayList.forEach(ArrayList.java:1257)
... Removed 31 stack frames]]>
    </failure>
  </testcase> <!-- validLogin -->
  <testcase name="validLogin" time="1.763" classname="com.syntax.class02.Dependency"/>
  <testcase name="titleValidation" time="0.0" classname="com.syntax.class02.HardAssertionExample">
    <ignored/>
  </testcase> <!-- titleValidation -->
  <testcase name="validLogin" time="0.0" classname="com.syntax.class01.HRMSTestCasese">
    <ignored/>
  </testcase> <!-- validLogin -->
  <testcase name="testTwo" time="0.0" classname="com.syntax.class01.TestIntro">
    <ignored/>
  </testcase> <!-- testTwo -->
  <testcase name="testmethod3" time="0.0" classname="com.syntax.class01.differentAnnotations">
    <ignored/>
  </testcase> <!-- testmethod3 -->
  <testcase name="invalidLoginError" time="0.0" classname="com.syntax.class02.softAssertionExample">
    <ignored/>
  </testcase> <!-- invalidLoginError -->
  <testcase name="Login" time="0.0" classname="com.syntax.class02.task">
    <ignored/>
  </testcase> <!-- Login -->
  <testcase name="logoValidation" time="0.0" classname="com.syntax.class02.HardAssertionExample">
    <ignored/>
  </testcase> <!-- logoValidation -->
  <testcase name="testMethod2" time="0.0" classname="com.syntax.class01.differentAnnotations">
    <ignored/>
  </testcase> <!-- testMethod2 -->
  <testcase name="titleValidation" time="0.0" classname="com.syntax.class01.HRMSTestCasese">
    <ignored/>
  </testcase> <!-- titleValidation -->
  <testcase name="labelsDisplayed" time="0.0" classname="com.syntax.class02.task">
    <ignored/>
  </testcase> <!-- labelsDisplayed -->
  <testcase name="testFour" time="0.0" classname="com.syntax.class01.TestIntro">
    <ignored/>
  </testcase> <!-- testFour -->
  <testcase name="testThree" time="0.0" classname="com.syntax.class01.TestIntro">
    <ignored/>
  </testcase> <!-- testThree -->
  <testcase name="loginFormText" time="0.0" classname="com.syntax.class02.HardAssertionExample">
    <ignored/>
  </testcase> <!-- loginFormText -->
  <testcase name="testOne" time="0.0" classname="com.syntax.class01.TestIntro">
    <ignored/>
  </testcase> <!-- testOne -->
  <testcase name="checkReport" time="0.0" classname="com.syntax.class01.TestNGDependencies">
    <ignored/>
  </testcase> <!-- checkReport -->
  <testcase name="testMethod" time="0.0" classname="com.syntax.class01.differentAnnotations">
    <ignored/>
  </testcase> <!-- testMethod -->
  <testcase name="titleValidation" time="0.0" classname="com.syntax.class02.issueWithoutAsertion">
    <ignored/>
  </testcase> <!-- titleValidation -->
  <testcase name="testMethod" time="0.0" classname="com.syntax.class02.allAnnotation">
    <ignored/>
  </testcase> <!-- testMethod -->
  <testcase name="invalidLogin" time="0.0" classname="com.syntax.class02.Dependency">
    <ignored/>
  </testcase> <!-- invalidLogin -->
  <testcase name="login" time="0.0" classname="com.syntax.class01.TestNGDependencies">
    <ignored/>
  </testcase> <!-- login -->
  <testcase name="invalidLogin" time="0.0" classname="com.syntax.class01.HRMSTestCasese">
    <ignored/>
  </testcase> <!-- invalidLogin -->
</testsuite> <!-- Smoke Test -->
